0 info it worked if it ends with ok
1 verbose cli [ 'C:\\Program Files\\nodejs\\node.exe',
1 verbose cli   'C:\\Program Files\\nodejs\\node_modules\\npm\\bin\\npm-cli.js',
1 verbose cli   'install',
1 verbose cli   'webworker-threads' ]
2 info using npm@2.15.9
3 info using node@v4.5.0
4 verbose install initial load of F:\4ºSemestre\web_hockey\package.json
5 warn package.json multiplayer_airhockey@0.0.1 No repository field.
6 warn package.json multiplayer_airhockey@0.0.1 No README data
7 warn package.json multiplayer_airhockey@0.0.1 No license field.
8 verbose installManyTop reading scoped package data from F:\4ºSemestre\web_hockey\node_modules\express\package.json
9 verbose installManyTop reading scoped package data from F:\4ºSemestre\web_hockey\node_modules\socket.io\package.json
10 verbose readDependencies loading dependencies from F:\4ºSemestre\web_hockey\package.json
11 silly cache add args [ 'webworker-threads', null ]
12 verbose cache add spec webworker-threads
13 silly cache add parsed spec Result {
13 silly cache add   raw: 'webworker-threads',
13 silly cache add   scope: null,
13 silly cache add   name: 'webworker-threads',
13 silly cache add   rawSpec: '',
13 silly cache add   spec: 'latest',
13 silly cache add   type: 'tag' }
14 silly addNamed webworker-threads@latest
15 verbose addNamed "latest" is being treated as a dist-tag for webworker-threads
16 info addNameTag [ 'webworker-threads', 'latest' ]
17 silly mapToRegistry name webworker-threads
18 silly mapToRegistry using default registry
19 silly mapToRegistry registry https://registry.npmjs.org/
20 silly mapToRegistry data Result {
20 silly mapToRegistry   raw: 'webworker-threads',
20 silly mapToRegistry   scope: null,
20 silly mapToRegistry   name: 'webworker-threads',
20 silly mapToRegistry   rawSpec: '',
20 silly mapToRegistry   spec: 'latest',
20 silly mapToRegistry   type: 'tag' }
21 silly mapToRegistry uri https://registry.npmjs.org/webworker-threads
22 verbose addNameTag registry:https://registry.npmjs.org/webworker-threads not in flight; fetching
23 verbose request uri https://registry.npmjs.org/webworker-threads
24 verbose request no auth needed
25 info attempt registry request try #1 at 09:48:56
26 verbose request id 40e25ceb93801792
27 verbose etag "6JO7ZR7G7ZHDF25CKEURLTOVU"
28 http request GET https://registry.npmjs.org/webworker-threads
29 http 304 https://registry.npmjs.org/webworker-threads
30 verbose headers { date: 'Sun, 02 Oct 2016 12:48:51 GMT',
30 verbose headers   via: '1.1 varnish',
30 verbose headers   'cache-control': 'max-age=300',
30 verbose headers   etag: '"6JO7ZR7G7ZHDF25CKEURLTOVU"',
30 verbose headers   age: '0',
30 verbose headers   connection: 'keep-alive',
30 verbose headers   'x-served-by': 'cache-gru7125-GRU',
30 verbose headers   'x-cache': 'HIT',
30 verbose headers   'x-cache-hits': '1',
30 verbose headers   'x-timer': 'S1475412531.332386,VS0,VE778',
30 verbose headers   vary: 'Accept-Encoding' }
31 silly get cb [ 304,
31 silly get   { date: 'Sun, 02 Oct 2016 12:48:51 GMT',
31 silly get     via: '1.1 varnish',
31 silly get     'cache-control': 'max-age=300',
31 silly get     etag: '"6JO7ZR7G7ZHDF25CKEURLTOVU"',
31 silly get     age: '0',
31 silly get     connection: 'keep-alive',
31 silly get     'x-served-by': 'cache-gru7125-GRU',
31 silly get     'x-cache': 'HIT',
31 silly get     'x-cache-hits': '1',
31 silly get     'x-timer': 'S1475412531.332386,VS0,VE778',
31 silly get     vary: 'Accept-Encoding' } ]
32 verbose etag https://registry.npmjs.org/webworker-threads from cache
33 verbose get saving webworker-threads to C:\Users\Gabriel\AppData\Roaming\npm-cache\registry.npmjs.org\webworker-threads\.cache.json
34 verbose correctMkdir C:\Users\Gabriel\AppData\Roaming\npm-cache correctMkdir not in flight; initializing
35 silly addNameTag next cb for webworker-threads with tag latest
36 silly addNamed webworker-threads@0.7.8
37 verbose addNamed "0.7.8" is a plain semver version for webworker-threads
38 silly cache afterAdd webworker-threads@0.7.8
39 verbose afterAdd C:\Users\Gabriel\AppData\Roaming\npm-cache\webworker-threads\0.7.8\package\package.json not in flight; writing
40 verbose correctMkdir C:\Users\Gabriel\AppData\Roaming\npm-cache correctMkdir not in flight; initializing
41 verbose afterAdd C:\Users\Gabriel\AppData\Roaming\npm-cache\webworker-threads\0.7.8\package\package.json written
42 silly install resolved [ { name: 'webworker-threads',
42 silly install resolved     version: '0.7.8',
42 silly install resolved     main: 'index.js',
42 silly install resolved     description: 'Lightweight Web Worker API implementation with native threads',
42 silly install resolved     keywords: [ 'threads', 'web worker', 'a gogo' ],
42 silly install resolved     author: { name: 'Audrey Tang', email: 'audreyt@audreyt.org' },
42 silly install resolved     homepage: 'https://github.com/audreyt/node-webworker-threads',
42 silly install resolved     bugs:
42 silly install resolved      { url: 'http://github.com/audreyt/node-webworker-threads/issues',
42 silly install resolved        email: 'audreyt@audreyt.org' },
42 silly install resolved     license: '(MIT AND Apache-2.0)',
42 silly install resolved     licenses: [ [Object], [Object] ],
42 silly install resolved     repository:
42 silly install resolved      { type: 'git',
42 silly install resolved        url: 'git+ssh://git@github.com/audreyt/node-webworker-threads.git' },
42 silly install resolved     scripts:
42 silly install resolved      { js: 'env PATH=./node_modules/.bin:"$PATH" lsc -cj package.ls;\ngcc deps/minifier/src/minify.c -o deps/minifier/bin/minify;\nenv PATH=./node_modules/.bin:"$PATH" lsc -cbp src/worker.ls                    > src/worker.js;\n./deps/minifier/bin/minify kWorker_js            < src/worker.js          > src/worker.js.c;\nenv PATH=./node_modules/.bin:"$PATH" lsc -cbp src/events.ls                    > src/events.js;\n./deps/minifier/bin/minify kEvents_js            < src/events.js          > src/events.js.c;\nenv PATH=./node_modules/.bin:"$PATH" lsc -cbp src/createPool.ls                > src/createPool.js;\n./deps/minifier/bin/minify kCreatePool_js        < src/createPool.js      > src/createPool.js.c;\nenv PATH=./node_modules/.bin:"$PATH" lsc -cbp src/thread_nextTick.ls           > src/thread_nextTick.js;\n./deps/minifier/bin/minify kThread_nextTick_js 1 < src/thread_nextTick.js > src/thread_nextTick.js.c;\nenv PATH=./node_modules/.bin:"$PATH" lsc -cbp src/load.ls                      > src/load.js;\n./deps/minifier/bin/minify kLoad_js 1 1          < src/load.js            > src/load.js.c;',
42 silly install resolved        test: 'node test-package.js',
42 silly install resolved        install: 'node-gyp rebuild' },
42 silly install resolved     dependencies: { bindings: '^1.2.1', nan: '^2.3.3' },
42 silly install resolved     devDependencies: { livescript: '^1.4.0', tap: '^5.7.1' },
42 silly install resolved     gypfile: true,
42 silly install resolved     engines: { node: '>= 0.10.16' },
42 silly install resolved     contributors: [ [Object], [Object], [Object], [Object] ],
42 silly install resolved     _id: 'webworker-threads@0.7.8',
42 silly install resolved     _shasum: '52fe9ab58759d16b4a992e312f3974065e722f78',
42 silly install resolved     _resolved: 'https://registry.npmjs.org/webworker-threads/-/webworker-threads-0.7.8.tgz',
42 silly install resolved     _from: 'webworker-threads@latest',
42 silly install resolved     _npmVersion: '3.8.6',
42 silly install resolved     _nodeVersion: '6.0.0',
42 silly install resolved     _npmUser: { name: 'au', email: 'audreyt@audreyt.org' },
42 silly install resolved     maintainers: [ [Object] ],
42 silly install resolved     dist:
42 silly install resolved      { shasum: '52fe9ab58759d16b4a992e312f3974065e722f78',
42 silly install resolved        tarball: 'https://registry.npmjs.org/webworker-threads/-/webworker-threads-0.7.8.tgz' },
42 silly install resolved     _npmOperationalInternal:
42 silly install resolved      { host: 'packages-12-west.internal.npmjs.com',
42 silly install resolved        tmp: 'tmp/webworker-threads-0.7.8.tgz_1469436575157_0.5083922620397061' },
42 silly install resolved     directories: {},
42 silly install resolved     readme: 'ERROR: No README data found!' } ]
43 info install webworker-threads@0.7.8 into F:\4ºSemestre\web_hockey
44 info installOne webworker-threads@0.7.8
45 verbose installOne of webworker-threads to F:\4ºSemestre\web_hockey not in flight; installing
46 verbose correctMkdir C:\Users\Gabriel\AppData\Roaming\npm-cache\_locks correctMkdir not in flight; initializing
47 verbose lock using C:\Users\Gabriel\AppData\Roaming\npm-cache\_locks\webworker-threads-68d58f2523cba0a8.lock for F:\4ºSemestre\web_hockey\node_modules\webworker-threads
48 silly install write writing webworker-threads 0.7.8 to F:\4ºSemestre\web_hockey\node_modules\webworker-threads
49 verbose unbuild node_modules\webworker-threads
50 silly gentlyRm F:\4ºSemestre\web_hockey\node_modules\webworker-threads is being purged from base F:\4ºSemestre\web_hockey
51 verbose gentlyRm don't care about contents; nuking F:\4ºSemestre\web_hockey\node_modules\webworker-threads
52 verbose tar unpack C:\Users\Gabriel\AppData\Roaming\npm-cache\webworker-threads\0.7.8\package.tgz
53 verbose tar unpacking to F:\4ºSemestre\web_hockey\node_modules\webworker-threads
54 silly gentlyRm F:\4ºSemestre\web_hockey\node_modules\webworker-threads is being purged
55 verbose gentlyRm don't care about contents; nuking F:\4ºSemestre\web_hockey\node_modules\webworker-threads
56 silly gunzTarPerm modes [ '777', '666' ]
57 silly gunzTarPerm extractEntry package.json
58 silly gunzTarPerm modified mode [ 'package.json', 436, 438 ]
59 silly gunzTarPerm extractEntry .npmignore
60 silly gunzTarPerm modified mode [ '.npmignore', 420, 438 ]
61 silly gunzTarPerm extractEntry README.md
62 silly gunzTarPerm modified mode [ 'README.md', 436, 438 ]
63 silly gunzTarPerm extractEntry LICENSE
64 silly gunzTarPerm modified mode [ 'LICENSE', 420, 438 ]
65 silly gunzTarPerm extractEntry index.js
66 silly gunzTarPerm modified mode [ 'index.js', 420, 438 ]
67 silly gunzTarPerm extractEntry test.js
68 silly gunzTarPerm modified mode [ 'test.js', 420, 438 ]
69 silly gunzTarPerm extractEntry test-package.js
70 silly gunzTarPerm modified mode [ 'test-package.js', 420, 438 ]
71 silly gunzTarPerm extractEntry TODO.md
72 silly gunzTarPerm modified mode [ 'TODO.md', 420, 438 ]
73 silly gunzTarPerm extractEntry benchmark/b00_fibonacci_server_no_threads.js
74 silly gunzTarPerm modified mode [ 'benchmark/b00_fibonacci_server_no_threads.js', 420, 438 ]
75 silly gunzTarPerm extractEntry benchmark/b01_fibonacci_server_threads.js
76 silly gunzTarPerm modified mode [ 'benchmark/b01_fibonacci_server_threads.js', 420, 438 ]
77 silly gunzTarPerm extractEntry benchmark/b02_fibonacci_server_threads_pool.js
78 silly gunzTarPerm modified mode [ 'benchmark/b02_fibonacci_server_threads_pool.js', 420, 438 ]
79 silly gunzTarPerm extractEntry benchmark/b03_fibonacci_server_clustered.js
80 silly gunzTarPerm modified mode [ 'benchmark/b03_fibonacci_server_clustered.js', 420, 438 ]
81 silly gunzTarPerm extractEntry benchmark/b04_only_quick.js
82 silly gunzTarPerm modified mode [ 'benchmark/b04_only_quick.js', 420, 438 ]
83 silly gunzTarPerm extractEntry benchmark/pi.js
84 silly gunzTarPerm modified mode [ 'benchmark/pi.js', 493, 511 ]
85 silly gunzTarPerm extractEntry benchmark/pi_precompiled.js
86 silly gunzTarPerm modified mode [ 'benchmark/pi_precompiled.js', 420, 438 ]
87 silly gunzTarPerm extractEntry benchmark/doubles.c
88 silly gunzTarPerm modified mode [ 'benchmark/doubles.c', 420, 438 ]
89 silly gunzTarPerm extractEntry benchmark/pi.c
90 silly gunzTarPerm modified mode [ 'benchmark/pi.c', 420, 438 ]
91 silly gunzTarPerm extractEntry benchmark/pi.rb
92 silly gunzTarPerm modified mode [ 'benchmark/pi.rb', 493, 511 ]
93 silly gunzTarPerm extractEntry binding.gyp
94 silly gunzTarPerm modified mode [ 'binding.gyp', 436, 438 ]
95 silly gunzTarPerm extractEntry deps/minifier/bin/minify
96 silly gunzTarPerm modified mode [ 'deps/minifier/bin/minify', 493, 511 ]
97 silly gunzTarPerm extractEntry deps/minifier/src/minify.c
98 silly gunzTarPerm modified mode [ 'deps/minifier/src/minify.c', 420, 438 ]
99 silly gunzTarPerm extractEntry deps/minifier/src/test
100 silly gunzTarPerm modified mode [ 'deps/minifier/src/test', 493, 511 ]
101 silly gunzTarPerm extractEntry deps/minifier/src/test.include.c
102 silly gunzTarPerm modified mode [ 'deps/minifier/src/test.include.c', 420, 438 ]
103 silly gunzTarPerm extractEntry deps/minifier/src/test_minifier.c
104 silly gunzTarPerm modified mode [ 'deps/minifier/src/test_minifier.c', 420, 438 ]
105 silly gunzTarPerm extractEntry examples/demo.js
106 silly gunzTarPerm modified mode [ 'examples/demo.js', 420, 438 ]
107 silly gunzTarPerm extractEntry examples/ex03_ping_pong.js
108 silly gunzTarPerm modified mode [ 'examples/ex03_ping_pong.js', 420, 438 ]
109 silly gunzTarPerm extractEntry examples/quickIntro_multiThread.js
110 silly gunzTarPerm modified mode [ 'examples/quickIntro_multiThread.js', 436, 438 ]
111 silly gunzTarPerm extractEntry examples/ex04_main.js
112 silly gunzTarPerm modified mode [ 'examples/ex04_main.js', 420, 438 ]
113 silly gunzTarPerm extractEntry examples/quickIntro_multiThreadEvented.js
114 silly gunzTarPerm modified mode [ 'examples/quickIntro_multiThreadEvented.js', 436, 438 ]
115 silly gunzTarPerm extractEntry examples/ex04_worker.js
116 silly gunzTarPerm modified mode [ 'examples/ex04_worker.js', 420, 438 ]
117 silly gunzTarPerm extractEntry examples/quickIntro_fiveThreads.js
118 silly gunzTarPerm modified mode [ 'examples/quickIntro_fiveThreads.js', 436, 438 ]
119 silly gunzTarPerm extractEntry examples/ex05_pool.js
120 silly gunzTarPerm modified mode [ 'examples/ex05_pool.js', 420, 438 ]
121 silly gunzTarPerm extractEntry examples/quickIntro_evented_childThreadCode.js
122 silly gunzTarPerm modified mode [ 'examples/quickIntro_evented_childThreadCode.js', 420, 438 ]
123 silly gunzTarPerm extractEntry examples/ex01_basic.js
124 silly gunzTarPerm modified mode [ 'examples/ex01_basic.js', 420, 438 ]
125 silly gunzTarPerm extractEntry examples/ex02_events.js
126 silly gunzTarPerm modified mode [ 'examples/ex02_events.js', 420, 438 ]
127 silly gunzTarPerm extractEntry examples/ex06_jason.js
128 silly gunzTarPerm modified mode [ 'examples/ex06_jason.js', 420, 438 ]
129 silly gunzTarPerm extractEntry examples/quickIntro_oneThread.js
130 silly gunzTarPerm modified mode [ 'examples/quickIntro_oneThread.js', 436, 438 ]
131 silly gunzTarPerm extractEntry examples/quickIntro_blocking.js
132 silly gunzTarPerm modified mode [ 'examples/quickIntro_blocking.js', 436, 438 ]
133 silly gunzTarPerm extractEntry examples/quickIntro_loop.js
134 silly gunzTarPerm modified mode [ 'examples/quickIntro_loop.js', 436, 438 ]
135 silly gunzTarPerm extractEntry examples/quickIntro_oneThreadEvented.js
136 silly gunzTarPerm modified mode [ 'examples/quickIntro_oneThreadEvented.js', 436, 438 ]
137 silly gunzTarPerm extractEntry examples/ex06_complex.js
138 silly gunzTarPerm modified mode [ 'examples/ex06_complex.js', 420, 438 ]
139 silly gunzTarPerm extractEntry examples/fiveThreads.ls
140 silly gunzTarPerm modified mode [ 'examples/fiveThreads.ls', 509, 511 ]
141 silly gunzTarPerm extractEntry examples/multiThreadEvented.ls
142 silly gunzTarPerm modified mode [ 'examples/multiThreadEvented.ls', 509, 511 ]
143 silly gunzTarPerm extractEntry examples/ex06_jason.md
144 silly gunzTarPerm modified mode [ 'examples/ex06_jason.md', 420, 438 ]
145 silly gunzTarPerm extractEntry examples/ex05_pool.md
146 silly gunzTarPerm modified mode [ 'examples/ex05_pool.md', 420, 438 ]
147 silly gunzTarPerm extractEntry examples/ex04_worker.md
148 silly gunzTarPerm modified mode [ 'examples/ex04_worker.md', 420, 438 ]
149 silly gunzTarPerm extractEntry examples/ex04_main.md
150 silly gunzTarPerm modified mode [ 'examples/ex04_main.md', 420, 438 ]
151 silly gunzTarPerm extractEntry examples/ex03_ping_pong.md
152 silly gunzTarPerm modified mode [ 'examples/ex03_ping_pong.md', 420, 438 ]
153 silly gunzTarPerm extractEntry examples/ex02_events.md
154 silly gunzTarPerm modified mode [ 'examples/ex02_events.md', 420, 438 ]
155 silly gunzTarPerm extractEntry examples/ex01_basic.md
156 silly gunzTarPerm modified mode [ 'examples/ex01_basic.md', 420, 438 ]
157 silly gunzTarPerm extractEntry AUTHORS
158 silly gunzTarPerm modified mode [ 'AUTHORS', 420, 438 ]
159 silly gunzTarPerm extractEntry CHANGES.md
160 silly gunzTarPerm modified mode [ 'CHANGES.md', 436, 438 ]
161 silly gunzTarPerm extractEntry .editorconfig
162 silly gunzTarPerm modified mode [ '.editorconfig', 420, 438 ]
163 silly gunzTarPerm extractEntry package.ls
164 silly gunzTarPerm modified mode [ 'package.ls', 509, 511 ]
165 silly gunzTarPerm extractEntry src/load.js
166 silly gunzTarPerm modified mode [ 'src/load.js', 420, 438 ]
167 silly gunzTarPerm extractEntry src/createPool.js
168 silly gunzTarPerm modified mode [ 'src/createPool.js', 420, 438 ]
169 silly gunzTarPerm extractEntry src/events.js
170 silly gunzTarPerm modified mode [ 'src/events.js', 420, 438 ]
171 silly gunzTarPerm extractEntry src/thread_nextTick.js
172 silly gunzTarPerm modified mode [ 'src/thread_nextTick.js', 420, 438 ]
173 silly gunzTarPerm extractEntry src/worker.js
174 silly gunzTarPerm modified mode [ 'src/worker.js', 420, 438 ]
175 silly gunzTarPerm extractEntry src/createPool.js.c
176 silly gunzTarPerm modified mode [ 'src/createPool.js.c', 420, 438 ]
177 silly gunzTarPerm extractEntry src/createPool.ls
178 silly gunzTarPerm modified mode [ 'src/createPool.ls', 420, 438 ]
179 silly gunzTarPerm extractEntry src/bson.cc
180 silly gunzTarPerm modified mode [ 'src/bson.cc', 420, 438 ]
181 silly gunzTarPerm extractEntry src/events.js.c
182 silly gunzTarPerm modified mode [ 'src/events.js.c', 420, 438 ]
183 silly gunzTarPerm extractEntry src/events.ls
184 silly gunzTarPerm modified mode [ 'src/events.ls', 420, 438 ]
185 silly gunzTarPerm extractEntry src/jslib.cc
186 silly gunzTarPerm modified mode [ 'src/jslib.cc', 420, 438 ]
187 silly gunzTarPerm extractEntry src/WebWorkerThreads.cc
188 silly gunzTarPerm modified mode [ 'src/WebWorkerThreads.cc', 436, 438 ]
189 silly gunzTarPerm extractEntry src/load.js.c
190 silly gunzTarPerm modified mode [ 'src/load.js.c', 420, 438 ]
191 silly gunzTarPerm extractEntry src/load.ls
192 silly gunzTarPerm modified mode [ 'src/load.ls', 420, 438 ]
193 silly gunzTarPerm extractEntry src/nan_isolate_data_accessor.h
194 silly gunzTarPerm modified mode [ 'src/nan_isolate_data_accessor.h', 420, 438 ]
195 silly gunzTarPerm extractEntry src/queues_a_gogo.cc
196 silly gunzTarPerm modified mode [ 'src/queues_a_gogo.cc', 420, 438 ]
197 silly gunzTarPerm extractEntry src/bson.h
198 silly gunzTarPerm modified mode [ 'src/bson.h', 420, 438 ]
199 silly gunzTarPerm extractEntry src/thread_nextTick.js.c
200 silly gunzTarPerm modified mode [ 'src/thread_nextTick.js.c', 420, 438 ]
201 silly gunzTarPerm extractEntry src/thread_nextTick.ls
202 silly gunzTarPerm modified mode [ 'src/thread_nextTick.ls', 420, 438 ]
203 silly gunzTarPerm extractEntry src/ArrayBufferAllocator.h
204 silly gunzTarPerm modified mode [ 'src/ArrayBufferAllocator.h', 420, 438 ]
205 silly gunzTarPerm extractEntry src/worker.js.c
206 silly gunzTarPerm modified mode [ 'src/worker.js.c', 420, 438 ]
207 silly gunzTarPerm extractEntry src/worker.ls
208 silly gunzTarPerm modified mode [ 'src/worker.ls', 420, 438 ]
209 silly gunzTarPerm extractEntry test/ab.js
210 silly gunzTarPerm modified mode [ 'test/ab.js', 420, 438 ]
211 silly gunzTarPerm extractEntry test/test11_multi_callbacks.js
212 silly gunzTarPerm modified mode [ 'test/test11_multi_callbacks.js', 420, 438 ]
213 silly gunzTarPerm extractEntry test/test12_precompiled_vs_normal.js
214 silly gunzTarPerm modified mode [ 'test/test12_precompiled_vs_normal.js', 420, 438 ]
215 silly gunzTarPerm extractEntry test/test13_thread_nextTick_speed.js
216 silly gunzTarPerm modified mode [ 'test/test13_thread_nextTick_speed.js', 420, 438 ]
217 silly gunzTarPerm extractEntry test/test10_node_nextTick_speed.js
218 silly gunzTarPerm modified mode [ 'test/test10_node_nextTick_speed.js', 420, 438 ]
219 silly gunzTarPerm extractEntry test/test15_emit_ping_pong.js
220 silly gunzTarPerm modified mode [ 'test/test15_emit_ping_pong.js', 420, 438 ]
221 silly gunzTarPerm extractEntry test/test16_syntax_error_in_the_thread.js
222 silly gunzTarPerm modified mode [ 'test/test16_syntax_error_in_the_thread.js', 420, 438 ]
223 silly gunzTarPerm extractEntry test/test17_pool_pi.js
224 silly gunzTarPerm modified mode [ 'test/test17_pool_pi.js', 420, 438 ]
225 silly gunzTarPerm extractEntry test/test18_pool_any_as_fast_as_possible.js
226 silly gunzTarPerm modified mode [ 'test/test18_pool_any_as_fast_as_possible.js', 420, 438 ]
227 silly gunzTarPerm extractEntry test/test19_pool_emit_any_all.js
228 silly gunzTarPerm modified mode [ 'test/test19_pool_emit_any_all.js', 420, 438 ]
229 silly gunzTarPerm extractEntry test/test09_throw_from_the_callback.js
230 silly gunzTarPerm modified mode [ 'test/test09_throw_from_the_callback.js', 420, 438 ]
231 silly gunzTarPerm extractEntry test/test20_removeAllListeners.js
232 silly gunzTarPerm modified mode [ 'test/test20_removeAllListeners.js', 420, 438 ]
233 silly gunzTarPerm extractEntry test/test08_sigkill_leaks.js
234 silly gunzTarPerm modified mode [ 'test/test08_sigkill_leaks.js', 420, 438 ]
235 silly gunzTarPerm extractEntry test/test21_emit_ping_pong_big_string.js
236 silly gunzTarPerm modified mode [ 'test/test21_emit_ping_pong_big_string.js', 420, 438 ]
237 silly gunzTarPerm extractEntry test/test07_sigkill.js
238 silly gunzTarPerm modified mode [ 'test/test07_sigkill.js', 420, 438 ]
239 silly gunzTarPerm extractEntry test/test22_create_destroy_loop.js
240 silly gunzTarPerm modified mode [ 'test/test22_create_destroy_loop.js', 420, 438 ]
241 silly gunzTarPerm extractEntry test/test06_throw_from_the_thread.js
242 silly gunzTarPerm modified mode [ 'test/test06_throw_from_the_thread.js', 420, 438 ]
243 silly gunzTarPerm extractEntry test/test23_create_destroy_loop.js
244 silly gunzTarPerm modified mode [ 'test/test23_create_destroy_loop.js', 420, 438 ]
245 silly gunzTarPerm extractEntry test/test05_debugLeaksNoCallbacks.js
246 silly gunzTarPerm modified mode [ 'test/test05_debugLeaksNoCallbacks.js', 420, 438 ]
247 silly gunzTarPerm extractEntry test/test24_puts.js
248 silly gunzTarPerm modified mode [ 'test/test24_puts.js', 420, 438 ]
249 silly gunzTarPerm extractEntry test/test04_gc_versus_not_gc.js
250 silly gunzTarPerm modified mode [ 'test/test04_gc_versus_not_gc.js', 420, 438 ]
251 silly gunzTarPerm extractEntry test/test25_delete_puts.js
252 silly gunzTarPerm modified mode [ 'test/test25_delete_puts.js', 420, 438 ]
253 silly gunzTarPerm extractEntry test/test03_infiniteLoopFunction.js
254 silly gunzTarPerm modified mode [ 'test/test03_infiniteLoopFunction.js', 420, 438 ]
255 silly gunzTarPerm extractEntry test/test26_puts_with_many_args.js
256 silly gunzTarPerm modified mode [ 'test/test26_puts_with_many_args.js', 420, 438 ]
257 silly gunzTarPerm extractEntry test/test02_loop_as_fast_as_possible.js
258 silly gunzTarPerm modified mode [ 'test/test02_loop_as_fast_as_possible.js', 420, 438 ]
259 silly gunzTarPerm extractEntry test/test27_puts_event_loop.js
260 silly gunzTarPerm modified mode [ 'test/test27_puts_event_loop.js', 420, 438 ]
261 silly gunzTarPerm extractEntry test/test01_loop_as_fast_as_possible.js
262 silly gunzTarPerm modified mode [ 'test/test01_loop_as_fast_as_possible.js', 420, 438 ]
263 silly gunzTarPerm extractEntry test/test28_puts_nextTick_loop.js
264 silly gunzTarPerm modified mode [ 'test/test28_puts_nextTick_loop.js', 420, 438 ]
265 silly gunzTarPerm extractEntry test/test00_run_once_and_destroy.js
266 silly gunzTarPerm modified mode [ 'test/test00_run_once_and_destroy.js', 420, 438 ]
267 silly gunzTarPerm extractEntry test/test29_puts_callback_loop.js
268 silly gunzTarPerm modified mode [ 'test/test29_puts_callback_loop.js', 420, 438 ]
269 silly gunzTarPerm extractEntry test/test14_emit_once.js
270 silly gunzTarPerm modified mode [ 'test/test14_emit_once.js', 420, 438 ]
271 silly gunzTarPerm extractEntry .travis.yml
272 silly gunzTarPerm modified mode [ '.travis.yml', 436, 438 ]
273 silly gunzTarPerm extractEntry test.ls
274 silly gunzTarPerm modified mode [ 'test.ls', 493, 511 ]
275 verbose write writing to F:\4ºSemestre\web_hockey\node_modules\webworker-threads\package.json
276 info preinstall webworker-threads@0.7.8
277 verbose readDependencies loading dependencies from F:\4ºSemestre\web_hockey\node_modules\webworker-threads\package.json
278 silly prepareForInstallMany adding bindings@^1.2.1 from webworker-threads dependencies
279 silly prepareForInstallMany adding nan@^2.3.3 from webworker-threads dependencies
280 verbose readDependencies loading dependencies from F:\4ºSemestre\web_hockey\node_modules\webworker-threads\package.json
281 silly cache add args [ 'nan@^2.3.3', null ]
282 verbose cache add spec nan@^2.3.3
283 silly cache add parsed spec Result {
283 silly cache add   raw: 'nan@^2.3.3',
283 silly cache add   scope: null,
283 silly cache add   name: 'nan',
283 silly cache add   rawSpec: '^2.3.3',
283 silly cache add   spec: '>=2.3.3 <3.0.0',
283 silly cache add   type: 'range' }
284 silly addNamed nan@>=2.3.3 <3.0.0
285 verbose addNamed ">=2.3.3 <3.0.0" is a valid semver range for nan
286 silly addNameRange { name: 'nan', range: '>=2.3.3 <3.0.0', hasData: false }
287 silly mapToRegistry name nan
288 silly mapToRegistry using default registry
289 silly mapToRegistry registry https://registry.npmjs.org/
290 silly mapToRegistry data Result {
290 silly mapToRegistry   raw: 'nan',
290 silly mapToRegistry   scope: null,
290 silly mapToRegistry   name: 'nan',
290 silly mapToRegistry   rawSpec: '',
290 silly mapToRegistry   spec: 'latest',
290 silly mapToRegistry   type: 'tag' }
291 silly mapToRegistry uri https://registry.npmjs.org/nan
292 verbose addNameRange registry:https://registry.npmjs.org/nan not in flight; fetching
293 silly cache add args [ 'bindings@^1.2.1', null ]
294 verbose cache add spec bindings@^1.2.1
295 silly cache add parsed spec Result {
295 silly cache add   raw: 'bindings@^1.2.1',
295 silly cache add   scope: null,
295 silly cache add   name: 'bindings',
295 silly cache add   rawSpec: '^1.2.1',
295 silly cache add   spec: '>=1.2.1 <2.0.0',
295 silly cache add   type: 'range' }
296 silly addNamed bindings@>=1.2.1 <2.0.0
297 verbose addNamed ">=1.2.1 <2.0.0" is a valid semver range for bindings
298 silly addNameRange { name: 'bindings', range: '>=1.2.1 <2.0.0', hasData: false }
299 silly mapToRegistry name bindings
300 silly mapToRegistry using default registry
301 silly mapToRegistry registry https://registry.npmjs.org/
302 silly mapToRegistry data Result {
302 silly mapToRegistry   raw: 'bindings',
302 silly mapToRegistry   scope: null,
302 silly mapToRegistry   name: 'bindings',
302 silly mapToRegistry   rawSpec: '',
302 silly mapToRegistry   spec: 'latest',
302 silly mapToRegistry   type: 'tag' }
303 silly mapToRegistry uri https://registry.npmjs.org/bindings
304 verbose addNameRange registry:https://registry.npmjs.org/bindings not in flight; fetching
305 verbose request uri https://registry.npmjs.org/nan
306 verbose request no auth needed
307 info attempt registry request try #1 at 09:49:02
308 verbose etag "1YJEPM5V4XH0MZT0HV3B8R9BB"
309 http request GET https://registry.npmjs.org/nan
310 verbose request uri https://registry.npmjs.org/bindings
311 verbose request no auth needed
312 info attempt registry request try #1 at 09:49:02
313 verbose etag "C1AW6UVQGY4VZQGFC1WTIGMDV"
314 http request GET https://registry.npmjs.org/bindings
315 http 304 https://registry.npmjs.org/nan
316 verbose headers { date: 'Sun, 02 Oct 2016 12:48:57 GMT',
316 verbose headers   via: '1.1 varnish',
316 verbose headers   'cache-control': 'max-age=300',
316 verbose headers   etag: '"1YJEPM5V4XH0MZT0HV3B8R9BB"',
316 verbose headers   age: '52',
316 verbose headers   connection: 'keep-alive',
316 verbose headers   'x-served-by': 'cache-gru7125-GRU',
316 verbose headers   'x-cache': 'HIT',
316 verbose headers   'x-cache-hits': '1',
316 verbose headers   'x-timer': 'S1475412537.135580,VS0,VE0',
316 verbose headers   vary: 'Accept-Encoding' }
317 silly get cb [ 304,
317 silly get   { date: 'Sun, 02 Oct 2016 12:48:57 GMT',
317 silly get     via: '1.1 varnish',
317 silly get     'cache-control': 'max-age=300',
317 silly get     etag: '"1YJEPM5V4XH0MZT0HV3B8R9BB"',
317 silly get     age: '52',
317 silly get     connection: 'keep-alive',
317 silly get     'x-served-by': 'cache-gru7125-GRU',
317 silly get     'x-cache': 'HIT',
317 silly get     'x-cache-hits': '1',
317 silly get     'x-timer': 'S1475412537.135580,VS0,VE0',
317 silly get     vary: 'Accept-Encoding' } ]
318 verbose etag https://registry.npmjs.org/nan from cache
319 verbose get saving nan to C:\Users\Gabriel\AppData\Roaming\npm-cache\registry.npmjs.org\nan\.cache.json
320 verbose correctMkdir C:\Users\Gabriel\AppData\Roaming\npm-cache correctMkdir not in flight; initializing
321 silly addNameRange number 2 { name: 'nan', range: '>=2.3.3 <3.0.0', hasData: true }
322 silly addNameRange versions [ 'nan',
322 silly addNameRange   [ '0.3.0-wip',
322 silly addNameRange     '0.3.0-wip2',
322 silly addNameRange     '0.3.0',
322 silly addNameRange     '0.3.1',
322 silly addNameRange     '0.3.2',
322 silly addNameRange     '0.4.0',
322 silly addNameRange     '0.4.1',
322 silly addNameRange     '0.4.2',
322 silly addNameRange     '0.4.3',
322 silly addNameRange     '0.4.4',
322 silly addNameRange     '0.5.0',
322 silly addNameRange     '0.5.1',
322 silly addNameRange     '0.5.2',
322 silly addNameRange     '0.6.0',
322 silly addNameRange     '0.7.0',
322 silly addNameRange     '0.7.1',
322 silly addNameRange     '0.8.0',
322 silly addNameRange     '1.0.0',
322 silly addNameRange     '1.1.0',
322 silly addNameRange     '1.1.1',
322 silly addNameRange     '1.1.2',
322 silly addNameRange     '1.2.0',
322 silly addNameRange     '1.3.0',
322 silly addNameRange     '1.4.0',
322 silly addNameRange     '1.4.1',
322 silly addNameRange     '1.5.0',
322 silly addNameRange     '1.4.2',
322 silly addNameRange     '1.4.3',
322 silly addNameRange     '1.5.1',
322 silly addNameRange     '1.5.2',
322 silly addNameRange     '1.6.0',
322 silly addNameRange     '1.5.3',
322 silly addNameRange     '1.6.1',
322 silly addNameRange     '1.6.2',
322 silly addNameRange     '1.7.0',
322 silly addNameRange     '1.8.0',
322 silly addNameRange     '1.8.1',
322 silly addNameRange     '1.8.2',
322 silly addNameRange     '1.8.3',
322 silly addNameRange     '1.8.4',
322 silly addNameRange     '1.9.0',
322 silly addNameRange     '2.0.0',
322 silly addNameRange     '2.0.1',
322 silly addNameRange     '2.0.2',
322 silly addNameRange     '2.0.3',
322 silly addNameRange     '2.0.4',
322 silly addNameRange     '2.0.5',
322 silly addNameRange     '2.0.6',
322 silly addNameRange     '2.0.7',
322 silly addNameRange     '2.0.8',
322 silly addNameRange     '2.0.9',
322 silly addNameRange     '2.1.0',
322 silly addNameRange     '2.2.0',
322 silly addNameRange     '2.2.1',
322 silly addNameRange     '2.3.0',
322 silly addNameRange     '2.3.1',
322 silly addNameRange     '2.3.2',
322 silly addNameRange     '2.3.3',
322 silly addNameRange     '2.3.4',
322 silly addNameRange     '2.3.5',
322 silly addNameRange     '2.4.0' ] ]
323 silly addNamed nan@2.4.0
324 verbose addNamed "2.4.0" is a plain semver version for nan
325 silly cache afterAdd nan@2.4.0
326 verbose afterAdd C:\Users\Gabriel\AppData\Roaming\npm-cache\nan\2.4.0\package\package.json not in flight; writing
327 verbose correctMkdir C:\Users\Gabriel\AppData\Roaming\npm-cache correctMkdir not in flight; initializing
328 verbose afterAdd C:\Users\Gabriel\AppData\Roaming\npm-cache\nan\2.4.0\package\package.json written
329 http 304 https://registry.npmjs.org/bindings
330 verbose headers { date: 'Sun, 02 Oct 2016 12:48:57 GMT',
330 verbose headers   via: '1.1 varnish',
330 verbose headers   'cache-control': 'max-age=300',
330 verbose headers   etag: '"C1AW6UVQGY4VZQGFC1WTIGMDV"',
330 verbose headers   age: '26',
330 verbose headers   connection: 'keep-alive',
330 verbose headers   'x-served-by': 'cache-gru7121-GRU',
330 verbose headers   'x-cache': 'HIT',
330 verbose headers   'x-cache-hits': '1',
330 verbose headers   'x-timer': 'S1475412537.327231,VS0,VE0',
330 verbose headers   vary: 'Accept-Encoding' }
331 silly get cb [ 304,
331 silly get   { date: 'Sun, 02 Oct 2016 12:48:57 GMT',
331 silly get     via: '1.1 varnish',
331 silly get     'cache-control': 'max-age=300',
331 silly get     etag: '"C1AW6UVQGY4VZQGFC1WTIGMDV"',
331 silly get     age: '26',
331 silly get     connection: 'keep-alive',
331 silly get     'x-served-by': 'cache-gru7121-GRU',
331 silly get     'x-cache': 'HIT',
331 silly get     'x-cache-hits': '1',
331 silly get     'x-timer': 'S1475412537.327231,VS0,VE0',
331 silly get     vary: 'Accept-Encoding' } ]
332 verbose etag https://registry.npmjs.org/bindings from cache
333 verbose get saving bindings to C:\Users\Gabriel\AppData\Roaming\npm-cache\registry.npmjs.org\bindings\.cache.json
334 verbose correctMkdir C:\Users\Gabriel\AppData\Roaming\npm-cache correctMkdir not in flight; initializing
335 silly addNameRange number 2 { name: 'bindings', range: '>=1.2.1 <2.0.0', hasData: true }
336 silly addNameRange versions [ 'bindings',
336 silly addNameRange   [ '0.0.1',
336 silly addNameRange     '0.1.0',
336 silly addNameRange     '0.1.1',
336 silly addNameRange     '0.2.0',
336 silly addNameRange     '0.2.1',
336 silly addNameRange     '0.2.2',
336 silly addNameRange     '0.2.3',
336 silly addNameRange     '0.2.4',
336 silly addNameRange     '0.3.0',
336 silly addNameRange     '0.4.0',
336 silly addNameRange     '1.0.0',
336 silly addNameRange     '1.1.0',
336 silly addNameRange     '1.1.1',
336 silly addNameRange     '1.2.0',
336 silly addNameRange     '1.2.1' ] ]
337 silly addNamed bindings@1.2.1
338 verbose addNamed "1.2.1" is a plain semver version for bindings
339 silly cache afterAdd bindings@1.2.1
340 verbose afterAdd C:\Users\Gabriel\AppData\Roaming\npm-cache\bindings\1.2.1\package\package.json not in flight; writing
341 verbose correctMkdir C:\Users\Gabriel\AppData\Roaming\npm-cache correctMkdir not in flight; initializing
342 verbose afterAdd C:\Users\Gabriel\AppData\Roaming\npm-cache\bindings\1.2.1\package\package.json written
343 silly install resolved [ { name: 'nan',
343 silly install resolved     version: '2.4.0',
343 silly install resolved     description: 'Native Abstractions for Node.js: C++ header for Node 0.8 -> 6 compatibility',
343 silly install resolved     main: 'include_dirs.js',
343 silly install resolved     repository: { type: 'git', url: 'git://github.com/nodejs/nan.git' },
343 silly install resolved     scripts:
343 silly install resolved      { test: 'tap --gc --stderr test/js/*-test.js',
343 silly install resolved        'rebuild-tests': 'node-gyp rebuild --msvs_version=2013 --directory test',
343 silly install resolved        docs: 'doc/.build.sh' },
343 silly install resolved     contributors:
343 silly install resolved      [ [Object],
343 silly install resolved        [Object],
343 silly install resolved        [Object],
343 silly install resolved        [Object],
343 silly install resolved        [Object],
343 silly install resolved        [Object],
343 silly install resolved        [Object] ],
343 silly install resolved     devDependencies:
343 silly install resolved      { bindings: '~1.2.1',
343 silly install resolved        commander: '^2.8.1',
343 silly install resolved        glob: '^5.0.14',
343 silly install resolved        'node-gyp': '~3.0.1',
343 silly install resolved        'readable-stream': '^2.1.4',
343 silly install resolved        tap: '~0.7.1',
343 silly install resolved        xtend: '~4.0.0' },
343 silly install resolved     license: 'MIT',
343 silly install resolved     bugs: { url: 'https://github.com/nodejs/nan/issues' },
343 silly install resolved     homepage: 'https://github.com/nodejs/nan#readme',
343 silly install resolved     _id: 'nan@2.4.0',
343 silly install resolved     _shasum: 'fb3c59d45fe4effe215f0b890f8adf6eb32d2232',
343 silly install resolved     _resolved: 'https://registry.npmjs.org/nan/-/nan-2.4.0.tgz',
343 silly install resolved     _from: 'nan@>=2.3.3 <3.0.0',
343 silly install resolved     _npmVersion: '3.3.6',
343 silly install resolved     _nodeVersion: '5.0.0',
343 silly install resolved     _npmUser: { name: 'kkoopa', email: 'bbyholm@abo.fi' },
343 silly install resolved     dist:
343 silly install resolved      { shasum: 'fb3c59d45fe4effe215f0b890f8adf6eb32d2232',
343 silly install resolved        tarball: 'https://registry.npmjs.org/nan/-/nan-2.4.0.tgz' },
343 silly install resolved     maintainers: [ [Object], [Object] ],
343 silly install resolved     _npmOperationalInternal:
343 silly install resolved      { host: 'packages-16-east.internal.npmjs.com',
343 silly install resolved        tmp: 'tmp/nan-2.4.0.tgz_1468158679820_0.6951719264034182' },
343 silly install resolved     directories: {},
343 silly install resolved     readme: 'ERROR: No README data found!' },
343 silly install resolved   { name: 'bindings',
343 silly install resolved     description: 'Helper module for loading your native module\'s .node file',
343 silly install resolved     keywords: [ 'native', 'addon', 'bindings', 'gyp', 'waf', 'c', 'c++' ],
343 silly install resolved     version: '1.2.1',
343 silly install resolved     author:
343 silly install resolved      { name: 'Nathan Rajlich',
343 silly install resolved        email: 'nathan@tootallnate.net',
343 silly install resolved        url: 'http://tootallnate.net' },
343 silly install resolved     repository:
343 silly install resolved      { type: 'git',
343 silly install resolved        url: 'git://github.com/TooTallNate/node-bindings.git' },
343 silly install resolved     main: './bindings.js',
343 silly install resolved     bugs: { url: 'https://github.com/TooTallNate/node-bindings/issues' },
343 silly install resolved     homepage: 'https://github.com/TooTallNate/node-bindings',
343 silly install resolved     license: 'MIT',
343 silly install resolved     gitHead: 'e404152ee27f8478ccbc7122ee051246e8e5ec02',
343 silly install resolved     _id: 'bindings@1.2.1',
343 silly install resolved     scripts: {},
343 silly install resolved     _shasum: '14ad6113812d2d37d72e67b4cacb4bb726505f11',
343 silly install resolved     _from: 'bindings@>=1.2.1 <2.0.0',
343 silly install resolved     _npmVersion: '1.4.14',
343 silly install resolved     _npmUser: { name: 'tootallnate', email: 'nathan@tootallnate.net' },
343 silly install resolved     maintainers: [ [Object], [Object] ],
343 silly install resolved     dist:
343 silly install resolved      { shasum: '14ad6113812d2d37d72e67b4cacb4bb726505f11',
343 silly install resolved        tarball: 'https://registry.npmjs.org/bindings/-/bindings-1.2.1.tgz' },
343 silly install resolved     directories: {},
343 silly install resolved     _resolved: 'https://registry.npmjs.org/bindings/-/bindings-1.2.1.tgz',
343 silly install resolved     readme: 'ERROR: No README data found!' } ]
344 info install nan@2.4.0 into F:\4ºSemestre\web_hockey\node_modules\webworker-threads
345 info install bindings@1.2.1 into F:\4ºSemestre\web_hockey\node_modules\webworker-threads
346 info installOne nan@2.4.0
347 verbose installOne of nan to F:\4ºSemestre\web_hockey\node_modules\webworker-threads not in flight; installing
348 verbose correctMkdir C:\Users\Gabriel\AppData\Roaming\npm-cache\_locks correctMkdir not in flight; initializing
349 info installOne bindings@1.2.1
350 verbose installOne of bindings to F:\4ºSemestre\web_hockey\node_modules\webworker-threads not in flight; installing
351 verbose correctMkdir C:\Users\Gabriel\AppData\Roaming\npm-cache\_locks correctMkdir not in flight; initializing
352 verbose lock using C:\Users\Gabriel\AppData\Roaming\npm-cache\_locks\nan-29f3277155335298.lock for F:\4ºSemestre\web_hockey\node_modules\webworker-threads\node_modules\nan
353 verbose lock using C:\Users\Gabriel\AppData\Roaming\npm-cache\_locks\bindings-75e746128c4e118a.lock for F:\4ºSemestre\web_hockey\node_modules\webworker-threads\node_modules\bindings
354 silly install write writing nan 2.4.0 to F:\4ºSemestre\web_hockey\node_modules\webworker-threads\node_modules\nan
355 silly install write writing bindings 1.2.1 to F:\4ºSemestre\web_hockey\node_modules\webworker-threads\node_modules\bindings
356 verbose unbuild node_modules\webworker-threads\node_modules\nan
357 verbose unbuild node_modules\webworker-threads\node_modules\bindings
358 silly gentlyRm F:\4ºSemestre\web_hockey\node_modules\webworker-threads\node_modules\nan is being purged from base F:\4ºSemestre\web_hockey
359 verbose gentlyRm don't care about contents; nuking F:\4ºSemestre\web_hockey\node_modules\webworker-threads\node_modules\nan
360 silly gentlyRm F:\4ºSemestre\web_hockey\node_modules\webworker-threads\node_modules\bindings is being purged from base F:\4ºSemestre\web_hockey
361 verbose gentlyRm don't care about contents; nuking F:\4ºSemestre\web_hockey\node_modules\webworker-threads\node_modules\bindings
362 verbose tar unpack C:\Users\Gabriel\AppData\Roaming\npm-cache\nan\2.4.0\package.tgz
363 verbose tar unpacking to F:\4ºSemestre\web_hockey\node_modules\webworker-threads\node_modules\nan
364 silly gentlyRm F:\4ºSemestre\web_hockey\node_modules\webworker-threads\node_modules\nan is being purged
365 verbose gentlyRm don't care about contents; nuking F:\4ºSemestre\web_hockey\node_modules\webworker-threads\node_modules\nan
366 verbose tar unpack C:\Users\Gabriel\AppData\Roaming\npm-cache\bindings\1.2.1\package.tgz
367 verbose tar unpacking to F:\4ºSemestre\web_hockey\node_modules\webworker-threads\node_modules\bindings
368 silly gentlyRm F:\4ºSemestre\web_hockey\node_modules\webworker-threads\node_modules\bindings is being purged
369 verbose gentlyRm don't care about contents; nuking F:\4ºSemestre\web_hockey\node_modules\webworker-threads\node_modules\bindings
370 silly gunzTarPerm modes [ '777', '666' ]
371 silly gunzTarPerm modes [ '777', '666' ]
372 silly gunzTarPerm extractEntry package.json
373 silly gunzTarPerm modified mode [ 'package.json', 436, 438 ]
374 silly gunzTarPerm extractEntry package.json
375 silly gunzTarPerm modified mode [ 'package.json', 420, 438 ]
376 silly gunzTarPerm extractEntry README.md
377 silly gunzTarPerm modified mode [ 'README.md', 436, 438 ]
378 silly gunzTarPerm extractEntry README.md
379 silly gunzTarPerm modified mode [ 'README.md', 420, 438 ]
380 silly gunzTarPerm extractEntry bindings.js
381 silly gunzTarPerm modified mode [ 'bindings.js', 420, 438 ]
382 silly gunzTarPerm extractEntry include_dirs.js
383 silly gunzTarPerm modified mode [ 'include_dirs.js', 436, 438 ]
384 silly gunzTarPerm extractEntry nan_callbacks_pre_12_inl.h
385 silly gunzTarPerm modified mode [ 'nan_callbacks_pre_12_inl.h', 436, 438 ]
386 silly gunzTarPerm extractEntry CHANGELOG.md
387 silly gunzTarPerm modified mode [ 'CHANGELOG.md', 436, 438 ]
388 silly gunzTarPerm extractEntry LICENSE.md
389 silly gunzTarPerm modified mode [ 'LICENSE.md', 436, 438 ]
390 silly gunzTarPerm extractEntry doc/node_misc.md
391 silly gunzTarPerm modified mode [ 'doc/node_misc.md', 436, 438 ]
392 silly gunzTarPerm extractEntry doc/asyncworker.md
393 silly gunzTarPerm modified mode [ 'doc/asyncworker.md', 436, 438 ]
394 silly gunzTarPerm extractEntry doc/callback.md
395 silly gunzTarPerm modified mode [ 'doc/callback.md', 436, 438 ]
396 verbose write writing to F:\4ºSemestre\web_hockey\node_modules\webworker-threads\node_modules\bindings\package.json
397 silly gunzTarPerm extractEntry doc/converters.md
398 silly gunzTarPerm modified mode [ 'doc/converters.md', 436, 438 ]
399 silly gunzTarPerm extractEntry doc/errors.md
400 silly gunzTarPerm modified mode [ 'doc/errors.md', 436, 438 ]
401 info preinstall bindings@1.2.1
402 verbose readDependencies loading dependencies from F:\4ºSemestre\web_hockey\node_modules\webworker-threads\node_modules\bindings\package.json
403 silly gunzTarPerm extractEntry doc/maybe_types.md
404 silly gunzTarPerm modified mode [ 'doc/maybe_types.md', 436, 438 ]
405 silly gunzTarPerm extractEntry doc/methods.md
406 silly gunzTarPerm modified mode [ 'doc/methods.md', 436, 438 ]
407 verbose readDependencies loading dependencies from F:\4ºSemestre\web_hockey\node_modules\webworker-threads\node_modules\bindings\package.json
408 silly install resolved []
409 verbose about to build F:\4ºSemestre\web_hockey\node_modules\webworker-threads\node_modules\bindings
410 info build F:\4ºSemestre\web_hockey\node_modules\webworker-threads\node_modules\bindings
411 info linkStuff bindings@1.2.1
412 silly linkStuff bindings@1.2.1 has F:\4ºSemestre\web_hockey\node_modules\webworker-threads\node_modules as its parent node_modules
413 verbose linkBins bindings@1.2.1
414 verbose linkMans bindings@1.2.1
415 verbose rebuildBundles bindings@1.2.1
416 info install bindings@1.2.1
417 info postinstall bindings@1.2.1
418 silly gunzTarPerm extractEntry doc/new.md
419 silly gunzTarPerm modified mode [ 'doc/new.md', 436, 438 ]
420 silly gunzTarPerm extractEntry doc/buffers.md
421 silly gunzTarPerm modified mode [ 'doc/buffers.md', 436, 438 ]
422 verbose unlock done using C:\Users\Gabriel\AppData\Roaming\npm-cache\_locks\bindings-75e746128c4e118a.lock for F:\4ºSemestre\web_hockey\node_modules\webworker-threads\node_modules\bindings
423 silly gunzTarPerm extractEntry doc/object_wrappers.md
424 silly gunzTarPerm modified mode [ 'doc/object_wrappers.md', 436, 438 ]
425 silly gunzTarPerm extractEntry doc/persistent.md
426 silly gunzTarPerm modified mode [ 'doc/persistent.md', 436, 438 ]
427 silly gunzTarPerm extractEntry doc/scopes.md
428 silly gunzTarPerm modified mode [ 'doc/scopes.md', 436, 438 ]
429 silly gunzTarPerm extractEntry doc/script.md
430 silly gunzTarPerm modified mode [ 'doc/script.md', 436, 438 ]
431 silly gunzTarPerm extractEntry doc/string_bytes.md
432 silly gunzTarPerm modified mode [ 'doc/string_bytes.md', 436, 438 ]
433 silly gunzTarPerm extractEntry doc/v8_internals.md
434 silly gunzTarPerm modified mode [ 'doc/v8_internals.md', 436, 438 ]
435 silly gunzTarPerm extractEntry doc/v8_misc.md
436 silly gunzTarPerm modified mode [ 'doc/v8_misc.md', 436, 438 ]
437 silly gunzTarPerm extractEntry nan.h
438 silly gunzTarPerm modified mode [ 'nan.h', 436, 438 ]
439 silly gunzTarPerm extractEntry nan_callbacks.h
440 silly gunzTarPerm modified mode [ 'nan_callbacks.h', 436, 438 ]
441 silly gunzTarPerm extractEntry nan_callbacks_12_inl.h
442 silly gunzTarPerm modified mode [ 'nan_callbacks_12_inl.h', 436, 438 ]
443 silly gunzTarPerm extractEntry nan_converters.h
444 silly gunzTarPerm modified mode [ 'nan_converters.h', 436, 438 ]
445 silly gunzTarPerm extractEntry nan_converters_43_inl.h
446 silly gunzTarPerm modified mode [ 'nan_converters_43_inl.h', 436, 438 ]
447 silly gunzTarPerm extractEntry nan_converters_pre_43_inl.h
448 silly gunzTarPerm modified mode [ 'nan_converters_pre_43_inl.h', 436, 438 ]
449 silly gunzTarPerm extractEntry nan_implementation_12_inl.h
450 silly gunzTarPerm modified mode [ 'nan_implementation_12_inl.h', 436, 438 ]
451 silly gunzTarPerm extractEntry nan_implementation_pre_12_inl.h
452 silly gunzTarPerm modified mode [ 'nan_implementation_pre_12_inl.h', 436, 438 ]
453 silly gunzTarPerm extractEntry nan_maybe_43_inl.h
454 silly gunzTarPerm modified mode [ 'nan_maybe_43_inl.h', 436, 438 ]
455 silly gunzTarPerm extractEntry nan_maybe_pre_43_inl.h
456 silly gunzTarPerm modified mode [ 'nan_maybe_pre_43_inl.h', 436, 438 ]
457 silly gunzTarPerm extractEntry nan_new.h
458 silly gunzTarPerm modified mode [ 'nan_new.h', 436, 438 ]
459 silly gunzTarPerm extractEntry nan_object_wrap.h
460 silly gunzTarPerm modified mode [ 'nan_object_wrap.h', 436, 438 ]
461 silly gunzTarPerm extractEntry nan_persistent_12_inl.h
462 silly gunzTarPerm modified mode [ 'nan_persistent_12_inl.h', 436, 438 ]
463 silly gunzTarPerm extractEntry nan_persistent_pre_12_inl.h
464 silly gunzTarPerm modified mode [ 'nan_persistent_pre_12_inl.h', 436, 438 ]
465 silly gunzTarPerm extractEntry nan_string_bytes.h
466 silly gunzTarPerm modified mode [ 'nan_string_bytes.h', 436, 438 ]
467 silly gunzTarPerm extractEntry nan_typedarray_contents.h
468 silly gunzTarPerm modified mode [ 'nan_typedarray_contents.h', 436, 438 ]
469 silly gunzTarPerm extractEntry nan_weak.h
470 silly gunzTarPerm modified mode [ 'nan_weak.h', 436, 438 ]
471 silly gunzTarPerm extractEntry tools/package.json
472 silly gunzTarPerm modified mode [ 'tools/package.json', 436, 438 ]
473 silly gunzTarPerm extractEntry tools/README.md
474 silly gunzTarPerm modified mode [ 'tools/README.md', 436, 438 ]
475 silly gunzTarPerm extractEntry tools/1to2.js
476 silly gunzTarPerm modified mode [ 'tools/1to2.js', 509, 511 ]
477 verbose write writing to F:\4ºSemestre\web_hockey\node_modules\webworker-threads\node_modules\nan\package.json
478 info preinstall nan@2.4.0
479 verbose readDependencies loading dependencies from F:\4ºSemestre\web_hockey\node_modules\webworker-threads\node_modules\nan\package.json
480 verbose readDependencies loading dependencies from F:\4ºSemestre\web_hockey\node_modules\webworker-threads\node_modules\nan\package.json
481 silly install resolved []
482 verbose about to build F:\4ºSemestre\web_hockey\node_modules\webworker-threads\node_modules\nan
483 info build F:\4ºSemestre\web_hockey\node_modules\webworker-threads\node_modules\nan
484 info linkStuff nan@2.4.0
485 silly linkStuff nan@2.4.0 has F:\4ºSemestre\web_hockey\node_modules\webworker-threads\node_modules as its parent node_modules
486 verbose linkBins nan@2.4.0
487 verbose linkMans nan@2.4.0
488 verbose rebuildBundles nan@2.4.0
489 info install nan@2.4.0
490 info postinstall nan@2.4.0
491 verbose unlock done using C:\Users\Gabriel\AppData\Roaming\npm-cache\_locks\nan-29f3277155335298.lock for F:\4ºSemestre\web_hockey\node_modules\webworker-threads\node_modules\nan
492 verbose about to build F:\4ºSemestre\web_hockey\node_modules\webworker-threads
493 info build F:\4ºSemestre\web_hockey\node_modules\webworker-threads
494 info linkStuff webworker-threads@0.7.8
495 silly linkStuff webworker-threads@0.7.8 has F:\4ºSemestre\web_hockey\node_modules as its parent node_modules
496 verbose linkBins webworker-threads@0.7.8
497 verbose linkMans webworker-threads@0.7.8
498 verbose rebuildBundles webworker-threads@0.7.8
499 verbose rebuildBundles [ 'bindings', 'nan' ]
500 info install webworker-threads@0.7.8
501 verbose unsafe-perm in lifecycle true
502 info webworker-threads@0.7.8 Failed to exec install script
503 verbose unlock done using C:\Users\Gabriel\AppData\Roaming\npm-cache\_locks\webworker-threads-68d58f2523cba0a8.lock for F:\4ºSemestre\web_hockey\node_modules\webworker-threads
504 verbose stack Error: webworker-threads@0.7.8 install: `node-gyp rebuild`
504 verbose stack Exit status 1
504 verbose stack     at EventEmitter.<anonymous> (C:\Program Files\nodejs\node_modules\npm\lib\utils\lifecycle.js:217:16)
504 verbose stack     at emitTwo (events.js:87:13)
504 verbose stack     at EventEmitter.emit (events.js:172:7)
504 verbose stack     at ChildProcess.<anonymous> (C:\Program Files\nodejs\node_modules\npm\lib\utils\spawn.js:24:14)
504 verbose stack     at emitTwo (events.js:87:13)
504 verbose stack     at ChildProcess.emit (events.js:172:7)
504 verbose stack     at maybeClose (internal/child_process.js:829:16)
504 verbose stack     at Process.ChildProcess._handle.onexit (internal/child_process.js:211:5)
505 verbose pkgid webworker-threads@0.7.8
506 verbose cwd F:\4ºSemestre\web_hockey
507 error Windows_NT 10.0.14393
508 error argv "C:\\Program Files\\nodejs\\node.exe" "C:\\Program Files\\nodejs\\node_modules\\npm\\bin\\npm-cli.js" "install" "webworker-threads"
509 error node v4.5.0
510 error npm  v2.15.9
511 error code ELIFECYCLE
512 error webworker-threads@0.7.8 install: `node-gyp rebuild`
512 error Exit status 1
513 error Failed at the webworker-threads@0.7.8 install script 'node-gyp rebuild'.
513 error This is most likely a problem with the webworker-threads package,
513 error not with npm itself.
513 error Tell the author that this fails on your system:
513 error     node-gyp rebuild
513 error You can get information on how to open an issue for this project with:
513 error     npm bugs webworker-threads
513 error Or if that isn't available, you can get their info via:
513 error
513 error     npm owner ls webworker-threads
513 error There is likely additional logging output above.
514 verbose exit [ 1, true ]
515 verbose unbuild node_modules\webworker-threads
516 info preuninstall webworker-threads@0.7.8
517 info uninstall webworker-threads@0.7.8
518 verbose unbuild rmStuff webworker-threads@0.7.8 from F:\4ºSemestre\web_hockey\node_modules
519 info postuninstall webworker-threads@0.7.8
520 silly gentlyRm F:\4ºSemestre\web_hockey\node_modules\webworker-threads is being purged from base F:\4ºSemestre\web_hockey
521 verbose gentlyRm don't care about contents; nuking F:\4ºSemestre\web_hockey\node_modules\webworker-threads
522 silly vacuum-fs purging F:\4ºSemestre\web_hockey\node_modules\webworker-threads
523 silly vacuum-fs quitting because other entries in F:\4ºSemestre\web_hockey\node_modules
